c:\users\magpi\comp3016\emerge\emerge\x64\debug\vc143.pdb
c:\users\magpi\comp3016\emerge\emerge\x64\debug\vc143.idb
c:\users\magpi\comp3016\emerge\emerge\x64\debug\tilemap.obj
c:\users\magpi\comp3016\emerge\emerge\x64\debug\player.obj
c:\users\magpi\comp3016\emerge\emerge\x64\debug\main.obj
c:\users\magpi\comp3016\emerge\emerge\x64\debug\hunter.obj
c:\users\magpi\comp3016\emerge\emerge\x64\debug\combat.obj
c:\users\magpi\comp3016\emerge\emerge\x64\debug\boulder.obj
c:\users\magpi\comp3016\emerge\emerge\x64\debug\animal.obj
c:\users\magpi\comp3016\emerge\x64\debug\emerge.pdb
c:\users\magpi\comp3016\emerge\emerge\x64\debug\emerge.tlog\cl.command.1.tlog
c:\users\magpi\comp3016\emerge\emerge\x64\debug\emerge.tlog\cl.read.1.tlog
c:\users\magpi\comp3016\emerge\emerge\x64\debug\emerge.tlog\cl.write.1.tlog
c:\users\magpi\comp3016\emerge\emerge\x64\debug\emerge.tlog\link-cvtres.read.1.tlog
c:\users\magpi\comp3016\emerge\emerge\x64\debug\emerge.tlog\link-cvtres.write.1.tlog
c:\users\magpi\comp3016\emerge\emerge\x64\debug\emerge.tlog\link-rc.read.1.tlog
c:\users\magpi\comp3016\emerge\emerge\x64\debug\emerge.tlog\link-rc.write.1.tlog
c:\users\magpi\comp3016\emerge\emerge\x64\debug\emerge.tlog\link.command.1.tlog
c:\users\magpi\comp3016\emerge\emerge\x64\debug\emerge.tlog\link.read.1.tlog
c:\users\magpi\comp3016\emerge\emerge\x64\debug\emerge.tlog\link.read.2.tlog
c:\users\magpi\comp3016\emerge\emerge\x64\debug\emerge.tlog\link.read.3.tlog
c:\users\magpi\comp3016\emerge\emerge\x64\debug\emerge.tlog\link.read.4.tlog
c:\users\magpi\comp3016\emerge\emerge\x64\debug\emerge.tlog\link.write.1.tlog
