  Animal.cpp
C:\Users\Magpi\COMP3016\VSCode Version\src\Animal.hpp(2,10): error C1083: Cannot open include file: 'raylib.h': No such file or directory
  (compiling source file '../VSCode%20Version/src/Animal.cpp')
  
  Boulder.cpp
C:\Users\Magpi\COMP3016\VSCode Version\src\Boulder.hpp(2,10): error C1083: Cannot open include file: 'raylib.h': No such file or directory
  (compiling source file '../VSCode%20Version/src/Boulder.cpp')
  
  Combat.cpp
C:\Users\Magpi\COMP3016\VSCode Version\src\Combat.hpp(2,10): error C1083: Cannot open include file: 'raylib.h': No such file or directory
  (compiling source file '../VSCode%20Version/src/Combat.cpp')
  
  Hunter.cpp
C:\Users\Magpi\COMP3016\VSCode Version\src\Hunter.hpp(2,10): error C1083: Cannot open include file: 'raylib.h': No such file or directory
  (compiling source file '../VSCode%20Version/src/Hunter.cpp')
  
  main.cpp
C:\Users\Magpi\COMP3016\VSCode Version\src\Player.hpp(2,10): error C1083: Cannot open include file: 'raylib.h': No such file or directory
  (compiling source file '../VSCode%20Version/src/main.cpp')
  
  Player.cpp
C:\Users\Magpi\COMP3016\VSCode Version\src\Player.hpp(2,10): error C1083: Cannot open include file: 'raylib.h': No such file or directory
  (compiling source file '../VSCode%20Version/src/Player.cpp')
  
  Tilemap.cpp
C:\Users\Magpi\COMP3016\VSCode Version\src\Tilemap.hpp(2,10): error C1083: Cannot open include file: 'raylib.h': No such file or directory
  (compiling source file '../VSCode%20Version/src/Tilemap.cpp')
  
  Generating Code...
